<?xml version="1.0" encoding="UTF-8"?>
<!-- Generated by org.testng.reporters.JUnitReportReporter -->
<testsuite hostname="Deccansoft-6" name="mvnproject.AppTest" tests="1" failures="0" timestamp="9 May 2017 11:30:20 GMT" time="0.002" errors="0">
  <testcase name="mail" time="0.002" classname="mvnproject.AppTest"/>
</testsuite> <!-- mvnproject.AppTest -->
