<?xml version="1.0" encoding="UTF-8"?>
<!-- Generated by org.testng.reporters.JUnitReportReporter -->
<testsuite hostname="Deccansoft-6" name="mvnproject.sample1" tests="1" failures="0" timestamp="9 May 2017 12:56:07 GMT" time="0.014" errors="0">
  <testcase name="sam" time="0.014" classname="mvnproject.sample1"/>
</testsuite> <!-- mvnproject.sample1 -->
