<?xml version="1.0" encoding="UTF-8"?>
<!-- Generated by org.testng.reporters.JUnitReportReporter -->
<testsuite hostname="Deccansoft-6" name="mvnproject.sample" tests="1" failures="0" timestamp="9 May 2017 12:56:01 GMT" time="0.015" errors="0">
  <testcase name="s" time="0.015" classname="mvnproject.sample"/>
</testsuite> <!-- mvnproject.sample -->
