<?xml version="1.0" encoding="UTF-8"?>
<!-- Generated by org.testng.reporters.JUnitReportReporter -->
<testsuite hostname="Deccansoft-6" name="mvnproject.sample" tests="1" failures="0" timestamp="11 May 2017 10:19:05 GMT" time="0.001" errors="0">
  <testcase name="s" time="0.001" classname="mvnproject.sample"/>
</testsuite> <!-- mvnproject.sample -->
